#
# A fatal error has been detected by the Java Runtime Environment:
#
#  SIGSEGV (0xb) at pc=0x00007f19f48aa8f6, pid=2834, tid=139749464774400
#
# JRE version: Java(TM) SE Runtime Environment (8.0_25-b17) (build 1.8.0_25-b17)
# Java VM: Java HotSpot(TM) 64-Bit Server VM (25.25-b02 mixed mode linux-amd64 compressed oops)
# Problematic frame:
# C  [libc.so.6+0x1458f6]  __memmove_avx_unaligned+0x2c6
#
# Failed to write core dump. Core dumps have been disabled. To enable core dumping, try "ulimit -c unlimited" before starting Java again
#
# If you would like to submit a bug report, please visit:
#   http://bugreport.sun.com/bugreport/crash.jsp
# The crash happened outside the Java Virtual Machine in native code.
# See problematic frame for where to report the bug.
#

---------------  T H R E A D  ---------------

Current thread (0x00007f19ec00c800):  JavaThread "main" [_thread_in_native, id=2835, stack(0x00007f19f5249000,0x00007f19f534a000)]

siginfo: si_signo: 11 (SIGSEGV), si_code: 2 (SEGV_ACCERR), si_addr: 0x00007f19d40af000

Registers:
RAX=0x00007f19ec4d3970, RBX=0x0000000000006572, RCX=0x0000000000002606, RDX=0x0000000000006572
RSP=0x00007f19f5345d08, RBP=0x00007f19f5345d60, RSI=0x00007f19d40af000, RDI=0x00007f19ec4d78dc
R8 =0x0000000000000000, R9 =0x00007f19ec0007f8, R10=0x0000000000006581, R11=0x0000000000000008
R12=0x00007f19d409ed86, R13=0x00007f19ec0baf90, R14=0x0000000000006f74, R15=0x00007f19ec1b31f0
RIP=0x00007f19f48aa8f6, EFLAGS=0x0000000000010287, CSGSFS=0x0000000000000033, ERR=0x0000000000000004
  TRAPNO=0x000000000000000e

Top of Stack: (sp=0x00007f19f5345d08)
0x00007f19f5345d08:   00007f19f2641a1e 00007f19f11773f8
0x00007f19f5345d18:   6572741900000000 000000000000536c
0x00007f19f5345d28:   0000000003140201 00007f19ec0baf90
0x00007f19f5345d38:   00007f19ec1ea900 00007f19ec4e60d0
0x00007f19f5345d48:   00007f19ec1b31f0 0000000036979cc1
0x00007f19f5345d58:   000000000000002b 00007f19f5345dc0
0x00007f19f5345d68:   00007f19f2641f2f 00007f19ec00c800
0x00007f19f5345d78:   01007f19ec00b2f0 00007f19f5345de0
0x00007f19f5345d88:   00007f19f5345e0c 00007f19f5345e0a
0x00007f19f5345d98:   00007f19f5345de0 000000000000002b
0x00007f19f5345da8:   00007f19ec00c9e8 00007f19f5346238
0x00007f19f5345db8:   0000000000000001 00007f19f5346220
0x00007f19f5345dc8:   00007f19f2633d30 00007f19f5345f60
0x00007f19f5345dd8:   00007f19ec1b31f0 636170612f67726f
0x00007f19f5345de8:   65626265772f6568 452f6c652f736e61
0x00007f19f5345df8:   747865746e6f434c 6c632e65726f7453
0x00007f19f5345e08:   0000000000737361 00000000ee28a698
0x00007f19f5345e18:   00000000ec36e6b0 00000000ee29f488
0x00007f19f5345e28:   0000000000000000 0000002b00000000
0x00007f19f5345e38:   00000000ec36e208 ffffffffffffffff
0x00007f19f5345e48:   00000000ee28a698 00000000ec36e080
0x00007f19f5345e58:   00000001f3010106 00007f1900000000
0x00007f19f5345e68:   00007f19f5345e18 00007f19f5345e59
0x00007f19f5345e78:   0000000800000002 0000000000000000
0x00007f19f5345e88:   00007f19ec0bb060 00007f19f46de1b0
0x00007f19f5345e98:   00007f19f51ccc60 00000000ec00c800
0x00007f19f5345ea8:   00007f19f5345f40 0000000000000000
0x00007f19f5345eb8:   00007f19f5345f40 00007f19f11773f8
0x00007f19f5345ec8:   00007f19ec00c800 00007f19f11773f8
0x00007f19f5345ed8:   00007f19ec00c800 00000000ee3c0b80
0x00007f19f5345ee8:   00007f19f11773f8 00007f19f11773f8
0x00007f19f5345ef8:   00007f19f11773f8 0000000000000000 

Instructions: (pc=0x00007f19f48aa8f6)
0x00007f19f48aa8d6:   c0 c3 0f 1f 84 00 00 00 00 00 48 8b 0d 51 19 27
0x00007f19f48aa8e6:   00 48 c1 e1 03 48 39 ca 73 10 48 89 d1 48 89 d1
0x00007f19f48aa8f6:   f3 a4 c3 0f 1f 80 00 00 00 00 48 8d 0c 16 c5 fe
0x00007f19f48aa906:   6f 26 c5 fa 6f 6c 16 80 c5 fa 6f 71 90 c5 fa 6f 

Register to memory mapping:

RAX=0x00007f19ec4d3970 is an unknown value
RBX=0x0000000000006572 is an unknown value
RCX=0x0000000000002606 is an unknown value
RDX=0x0000000000006572 is an unknown value
RSP=0x00007f19f5345d08 is pointing into the stack for thread: 0x00007f19ec00c800
RBP=0x00007f19f5345d60 is pointing into the stack for thread: 0x00007f19ec00c800
RSI=0x00007f19d40af000 is an unknown value
RDI=0x00007f19ec4d78dc is an unknown value
R8 =0x0000000000000000 is an unknown value
R9 =0x00007f19ec0007f8 is an unknown value
R10=0x0000000000006581 is an unknown value
R11=0x0000000000000008 is an unknown value
R12=0x00007f19d409ed86 is an unknown value
R13=0x00007f19ec0baf90 is an unknown value
R14=0x0000000000006f74 is an unknown value
R15=0x00007f19ec1b31f0 is an unknown value


Stack: [0x00007f19f5249000,0x00007f19f534a000],  sp=0x00007f19f5345d08,  free space=1011k
Native frames: (J=compiled Java code, j=interpreted, Vv=VM code, C=native code)
C  [libc.so.6+0x1458f6]  __memmove_avx_unaligned+0x2c6
C  [libzip.so+0x11f2f]  ZIP_GetEntry2+0xff
C  [libzip.so+0x3d30]  Java_java_util_zip_ZipFile_getEntry+0xf0
J 128  java.util.zip.ZipFile.getEntry(J[BZ)J (0 bytes) @ 0x00007f19d6be410e [0x00007f19d6be4040+0xce]
J 284 C2 sun.misc.URLClassPath$JarLoader.getResource(Ljava/lang/String;Z)Lsun/misc/Resource; (85 bytes) @ 0x00007f19d6c694d8 [0x00007f19d6c69100+0x3d8]

Java frames: (J=compiled Java code, j=interpreted, Vv=VM code)
J 128  java.util.zip.ZipFile.getEntry(J[BZ)J (0 bytes) @ 0x00007f19d6be4098 [0x00007f19d6be4040+0x58]
J 284 C2 sun.misc.URLClassPath$JarLoader.getResource(Ljava/lang/String;Z)Lsun/misc/Resource; (85 bytes) @ 0x00007f19d6c694d8 [0x00007f19d6c69100+0x3d8]
J 742 C2 sun.misc.URLClassPath.getResource(Ljava/lang/String;Z)Lsun/misc/Resource; (74 bytes) @ 0x00007f19d6d85b64 [0x00007f19d6d85ae0+0x84]
J 360 C1 java.net.URLClassLoader$1.run()Ljava/lang/Class; (73 bytes) @ 0x00007f19d6c7bd4c [0x00007f19d6c7bb40+0x20c]
J 262 C1 java.net.URLClassLoader$1.run()Ljava/lang/Object; (5 bytes) @ 0x00007f19d6c32bd4 [0x00007f19d6c32b40+0x94]
v  ~StubRoutines::call_stub
J 261  java.security.AccessController.doPrivileged(Ljava/security/PrivilegedExceptionAction;Ljava/security/AccessControlContext;)Ljava/lang/Object; (0 bytes) @ 0x00007f19d6c327e3 [0x00007f19d6c32780+0x63]
J 260 C1 java.net.URLClassLoader.findClass(Ljava/lang/String;)Ljava/lang/Class; (29 bytes) @ 0x00007f19d6c3204c [0x00007f19d6c31ec0+0x18c]
j  java.lang.ClassLoader.loadClass(Ljava/lang/String;Z)Ljava/lang/Class;+70
J 295 C1 sun.misc.Launcher$AppClassLoader.loadClass(Ljava/lang/String;Z)Ljava/lang/Class; (40 bytes) @ 0x00007f19d6c5340c [0x00007f19d6c52fc0+0x44c]
J 294 C1 java.lang.ClassLoader.loadClass(Ljava/lang/String;)Ljava/lang/Class; (7 bytes) @ 0x00007f19d6c52c5c [0x00007f19d6c52b40+0x11c]
v  ~StubRoutines::call_stub
j  org.apache.webbeans.lifecycle.StandaloneLifeCycle.beforeStopApplication(Ljava/lang/Object;)V+76
j  org.apache.webbeans.lifecycle.AbstractLifeCycle.stopApplication(Ljava/lang/Object;)V+11
j  org.apache.deltaspike.cdise.owb.OpenWebBeansContainerControl.shutdown()V+66
j  org.apache.deltaspike.testcontrol.api.junit.CdiTestRunner$ContainerAwareTestContext.applyAfterClassConfig()V+30
j  org.apache.deltaspike.testcontrol.api.junit.CdiTestRunner$AfterClassStatement.evaluate()V+20
j  org.junit.runners.ParentRunner.run(Lorg/junit/runner/notification/RunNotifier;)V+20
j  org.apache.deltaspike.testcontrol.api.junit.CdiTestRunner.run(Lorg/junit/runner/notification/RunNotifier;)V+33
j  org.junit.runner.JUnitCore.run(Lorg/junit/runner/Runner;)Lorg/junit/runner/Result;+37
j  com.intellij.junit4.JUnit4IdeaTestRunner.startRunnerWithArgs([Ljava/lang/String;Ljava/util/ArrayList;Ljava/lang/String;Z)I+222
j  com.intellij.rt.execution.junit.JUnitStarter.prepareStreamsAndStart([Ljava/lang/String;ZLjava/util/ArrayList;Ljava/lang/String;Lcom/intellij/rt/execution/junit/segments/SegmentedOutputStream;Lcom/intellij/rt/execution/junit/segments/SegmentedOutputStream;)I+150
j  com.intellij.rt.execution.junit.JUnitStarter.main([Ljava/lang/String;)V+145
v  ~StubRoutines::call_stub

---------------  P R O C E S S  ---------------

Java Threads: ( => current thread )
  0x00007f19ec0c9000 JavaThread "Service Thread" daemon [_thread_blocked, id=2866, stack(0x00007f19a7dfe000,0x00007f19a7eff000)]
  0x00007f19ec0c3800 JavaThread "C1 CompilerThread2" daemon [_thread_blocked, id=2865, stack(0x00007f19a7eff000,0x00007f19a8000000)]
  0x00007f19ec0c1800 JavaThread "C2 CompilerThread1" daemon [_thread_blocked, id=2864, stack(0x00007f19d40af000,0x00007f19d41b0000)]
  0x00007f19ec0be800 JavaThread "C2 CompilerThread0" daemon [_thread_blocked, id=2863, stack(0x00007f19d41b0000,0x00007f19d42b1000)]
  0x00007f19ec0bc800 JavaThread "JDWP Event Helper Thread" daemon [_thread_blocked, id=2861, stack(0x00007f19d43b2000,0x00007f19d44b3000)]
  0x00007f19ec0ab000 JavaThread "Signal Dispatcher" daemon [_thread_blocked, id=2857, stack(0x00007f19d47b8000,0x00007f19d48b9000)]
  0x00007f19ec07f000 JavaThread "Finalizer" daemon [_thread_blocked, id=2850, stack(0x00007f19d48b9000,0x00007f19d49ba000)]
  0x00007f19ec07d000 JavaThread "Reference Handler" daemon [_thread_blocked, id=2849, stack(0x00007f19d49ba000,0x00007f19d4abb000)]
=>0x00007f19ec00c800 JavaThread "main" [_thread_in_native, id=2835, stack(0x00007f19f5249000,0x00007f19f534a000)]

Other Threads:
  0x00007f19ec076000 VMThread [stack: 0x00007f19d4abb000,0x00007f19d4bbc000] [id=2848]
  0x00007f19ec0cb800 WatcherThread [stack: 0x00007f19a7cfd000,0x00007f19a7dfe000] [id=2867]

VM state:not at safepoint (normal execution)

VM Mutex/Monitor currently owned by a thread: None

Heap:
 PSYoungGen      total 33280K, used 4129K [0x00000000ec200000, 0x00000000ee500000, 0x0000000100000000)
  eden space 30720K, 5% used [0x00000000ec200000,0x00000000ec390708,0x00000000ee000000)
  from space 2560K, 98% used [0x00000000ee280000,0x00000000ee4f8040,0x00000000ee500000)
  to   space 2560K, 0% used [0x00000000ee000000,0x00000000ee000000,0x00000000ee280000)
 ParOldGen       total 40960K, used 6061K [0x00000000c4600000, 0x00000000c6e00000, 0x00000000ec200000)
  object space 40960K, 14% used [0x00000000c4600000,0x00000000c4beb5f8,0x00000000c6e00000)
 Metaspace       used 10644K, capacity 10734K, committed 10880K, reserved 1058816K
  class space    used 1297K, capacity 1317K, committed 1408K, reserved 1048576K

Card table byte_map: [0x00007f19f2092000,0x00007f19f2270000] byte_map_base: 0x00007f19f1a6f000

Marking Bits: (ParMarkBitMap*) 0x00007f19f473a2c0
 Begin Bits: [0x00007f19d4cbd000, 0x00007f19d5ba5000)
 End Bits:   [0x00007f19d5ba5000, 0x00007f19d6a8d000)

Polling page: 0x00007f19f5376000

CodeCache: size=245760Kb used=5768Kb max_used=5780Kb free=239991Kb
 bounds [0x00007f19d6a8d000, 0x00007f19d703d000, 0x00007f19e5a8d000]
 total_blobs=1855 nmethods=1575 adapters=202
 compilation: enabled

Compilation events (10 events):
Event: 832.869 Thread 0x00007f19ec0c3800 1577   !   3       java.util.Formatter$FormatSpecifier::precision (63 bytes)
Event: 832.870 Thread 0x00007f19ec0c3800 nmethod 1577 0x00007f19d700f390 code [0x00007f19d700f540, 0x00007f19d700f948]
Event: 832.870 Thread 0x00007f19ec0c3800 1578       3       java.util.Formatter$FormatSpecifier::conversion (94 bytes)
Event: 832.873 Thread 0x00007f19ec0c3800 nmethod 1578 0x00007f19d700da90 code [0x00007f19d700dd20, 0x00007f19d700eb08]
Event: 832.873 Thread 0x00007f19ec0c3800 1580       1       org.apache.webbeans.annotation.DestroyedLiteral::value (5 bytes)
Event: 832.873 Thread 0x00007f19ec0c3800 nmethod 1580 0x00007f19d6b96290 code [0x00007f19d6b963e0, 0x00007f19d6b964f0]
Event: 832.873 Thread 0x00007f19ec0c3800 1574       3       java.lang.Character::isUpperCase (5 bytes)
Event: 832.874 Thread 0x00007f19ec0c3800 nmethod 1574 0x00007f19d7034190 code [0x00007f19d7034340, 0x00007f19d70347b8]
Event: 832.874 Thread 0x00007f19ec0c3800 1575       3       java.lang.Character::isUpperCase (25 bytes)
Event: 832.875 Thread 0x00007f19ec0c3800 nmethod 1575 0x00007f19d7034990 code [0x00007f19d7034b40, 0x00007f19d7034f58]

GC Heap History (8 events):
Event: 1.702 GC heap before
{Heap before GC invocations=1 (full 0):
 PSYoungGen      total 17920K, used 15353K [0x00000000ec200000, 0x00000000ed600000, 0x0000000100000000)
  eden space 15360K, 99% used [0x00000000ec200000,0x00000000ed0fe6b8,0x00000000ed100000)
  from space 2560K, 0% used [0x00000000ed380000,0x00000000ed380000,0x00000000ed600000)
  to   space 2560K, 0% used [0x00000000ed100000,0x00000000ed100000,0x00000000ed380000)
 ParOldGen       total 40960K, used 0K [0x00000000c4600000, 0x00000000c6e00000, 0x00000000ec200000)
  object space 40960K, 0% used [0x00000000c4600000,0x00000000c4600000,0x00000000c6e00000)
 Metaspace       used 5546K, capacity 5696K, committed 5888K, reserved 1056768K
  class space    used 667K, capacity 688K, committed 768K, reserved 1048576K
Event: 1.714 GC heap after
Heap after GC invocations=1 (full 0):
 PSYoungGen      total 17920K, used 2528K [0x00000000ec200000, 0x00000000ed600000, 0x0000000100000000)
  eden space 15360K, 0% used [0x00000000ec200000,0x00000000ec200000,0x00000000ed100000)
  from space 2560K, 98% used [0x00000000ed100000,0x00000000ed378090,0x00000000ed380000)
  to   space 2560K, 0% used [0x00000000ed380000,0x00000000ed380000,0x00000000ed600000)
 ParOldGen       total 40960K, used 55K [0x00000000c4600000, 0x00000000c6e00000, 0x00000000ec200000)
  object space 40960K, 0% used [0x00000000c4600000,0x00000000c460de48,0x00000000c6e00000)
 Metaspace       used 5546K, capacity 5696K, committed 5888K, reserved 1056768K
  class space    used 667K, capacity 688K, committed 768K, reserved 1048576K
}
Event: 2.840 GC heap before
{Heap before GC invocations=2 (full 0):
 PSYoungGen      total 17920K, used 17888K [0x00000000ec200000, 0x00000000ed600000, 0x0000000100000000)
  eden space 15360K, 100% used [0x00000000ec200000,0x00000000ed100000,0x00000000ed100000)
  from space 2560K, 98% used [0x00000000ed100000,0x00000000ed378090,0x00000000ed380000)
  to   space 2560K, 0% used [0x00000000ed380000,0x00000000ed380000,0x00000000ed600000)
 ParOldGen       total 40960K, used 55K [0x00000000c4600000, 0x00000000c6e00000, 0x00000000ec200000)
  object space 40960K, 0% used [0x00000000c4600000,0x00000000c460de48,0x00000000c6e00000)
 Metaspace       used 8315K, capacity 8406K, committed 8448K, reserved 1056768K
  class space    used 978K, capacity 1009K, committed 1024K, reserved 1048576K
Event: 2.871 GC heap after
Heap after GC invocations=2 (full 0):
 PSYoungGen      total 17920K, used 2541K [0x00000000ec200000, 0x00000000ee500000, 0x0000000100000000)
  eden space 15360K, 0% used [0x00000000ec200000,0x00000000ec200000,0x00000000ed100000)
  from space 2560K, 99% used [0x00000000ed380000,0x00000000ed5fb470,0x00000000ed600000)
  to   space 2560K, 0% used [0x00000000ed100000,0x00000000ed100000,0x00000000ed380000)
 ParOldGen       total 40960K, used 2423K [0x00000000c4600000, 0x00000000c6e00000, 0x00000000ec200000)
  object space 40960K, 5% used [0x00000000c4600000,0x00000000c485dc10,0x00000000c6e00000)
 Metaspace       used 8315K, capacity 8406K, committed 8448K, reserved 1056768K
  class space    used 978K, capacity 1009K, committed 1024K, reserved 1048576K
}
Event: 4.408 GC heap before
{Heap before GC invocations=3 (full 0):
 PSYoungGen      total 17920K, used 17901K [0x00000000ec200000, 0x00000000ee500000, 0x0000000100000000)
  eden space 15360K, 100% used [0x00000000ec200000,0x00000000ed100000,0x00000000ed100000)
  from space 2560K, 99% used [0x00000000ed380000,0x00000000ed5fb470,0x00000000ed600000)
  to   space 2560K, 0% used [0x00000000ed100000,0x00000000ed100000,0x00000000ed380000)
 ParOldGen       total 40960K, used 2423K [0x00000000c4600000, 0x00000000c6e00000, 0x00000000ec200000)
  object space 40960K, 5% used [0x00000000c4600000,0x00000000c485dc10,0x00000000c6e00000)
 Metaspace       used 9629K, capacity 9714K, committed 9984K, reserved 1058816K
  class space    used 1197K, capacity 1243K, committed 1280K, reserved 1048576K
Event: 4.429 GC heap after
Heap after GC invocations=3 (full 0):
 PSYoungGen      total 17920K, used 2560K [0x00000000ec200000, 0x00000000ee500000, 0x0000000100000000)
  eden space 15360K, 0% used [0x00000000ec200000,0x00000000ec200000,0x00000000ed100000)
  from space 2560K, 100% used [0x00000000ed100000,0x00000000ed380000,0x00000000ed380000)
  to   space 2560K, 0% used [0x00000000ee280000,0x00000000ee280000,0x00000000ee500000)
 ParOldGen       total 40960K, used 4293K [0x00000000c4600000, 0x00000000c6e00000, 0x00000000ec200000)
  object space 40960K, 10% used [0x00000000c4600000,0x00000000c4a316e0,0x00000000c6e00000)
 Metaspace       used 9629K, capacity 9714K, committed 9984K, reserved 1058816K
  class space    used 1197K, capacity 1243K, committed 1280K, reserved 1048576K
}
Event: 6.137 GC heap before
{Heap before GC invocations=4 (full 0):
 PSYoungGen      total 17920K, used 17920K [0x00000000ec200000, 0x00000000ee500000, 0x0000000100000000)
  eden space 15360K, 100% used [0x00000000ec200000,0x00000000ed100000,0x00000000ed100000)
  from space 2560K, 100% used [0x00000000ed100000,0x00000000ed380000,0x00000000ed380000)
  to   space 2560K, 0% used [0x00000000ee280000,0x00000000ee280000,0x00000000ee500000)
 ParOldGen       total 40960K, used 4293K [0x00000000c4600000, 0x00000000c6e00000, 0x00000000ec200000)
  object space 40960K, 10% used [0x00000000c4600000,0x00000000c4a316e0,0x00000000c6e00000)
 Metaspace       used 10568K, capacity 10728K, committed 10880K, reserved 1058816K
  class space    used 1286K, capacity 1316K, committed 1408K, reserved 1048576K
Event: 6.151 GC heap after
Heap after GC invocations=4 (full 0):
 PSYoungGen      total 33280K, used 2528K [0x00000000ec200000, 0x00000000ee500000, 0x0000000100000000)
  eden space 30720K, 0% used [0x00000000ec200000,0x00000000ec200000,0x00000000ee000000)
  from space 2560K, 98% used [0x00000000ee280000,0x00000000ee4f8040,0x00000000ee500000)
  to   space 2560K, 0% used [0x00000000ee000000,0x00000000ee000000,0x00000000ee280000)
 ParOldGen       total 40960K, used 6061K [0x00000000c4600000, 0x00000000c6e00000, 0x00000000ec200000)
  object space 40960K, 14% used [0x00000000c4600000,0x00000000c4beb5f8,0x00000000c6e00000)
 Metaspace       used 10568K, capacity 10728K, committed 10880K, reserved 1058816K
  class space    used 1286K, capacity 1316K, committed 1408K, reserved 1048576K
}

Deoptimization events (10 events):
Event: 3.777 Thread 0x00007f19ec00c800 Uncommon trap: reason=class_check action=maybe_recompile pc=0x00007f19d6d82f94 method=java.util.HashMap.putVal(ILjava/lang/Object;Ljava/lang/Object;ZZ)Ljava/lang/Object; @ 253
Event: 3.787 Thread 0x00007f19ec00c800 Uncommon trap: reason=class_check action=maybe_recompile pc=0x00007f19d6d82f94 method=java.util.HashMap.putVal(ILjava/lang/Object;Ljava/lang/Object;ZZ)Ljava/lang/Object; @ 253
Event: 4.966 Thread 0x00007f19ec00c800 Uncommon trap: reason=class_check action=maybe_recompile pc=0x00007f19d6e22acc method=java.util.HashMap.putVal(ILjava/lang/Object;Ljava/lang/Object;ZZ)Ljava/lang/Object; @ 203
Event: 5.026 Thread 0x00007f19ec00c800 Uncommon trap: reason=class_check action=maybe_recompile pc=0x00007f19d6e22acc method=java.util.HashMap.putVal(ILjava/lang/Object;Ljava/lang/Object;ZZ)Ljava/lang/Object; @ 203
Event: 5.754 Thread 0x00007f19ec00c800 Uncommon trap: reason=unreached action=reinterpret pc=0x00007f19d6f97400 method=java.lang.reflect.Method.equals(Ljava/lang/Object;)Z @ 49
Event: 6.135 Thread 0x00007f19ec00c800 Uncommon trap: reason=class_check action=maybe_recompile pc=0x00007f19d6fef52c method=java.util.ArrayList.indexOf(Ljava/lang/Object;)I @ 51
Event: 6.182 Thread 0x00007f19ec00c800 Uncommon trap: reason=class_check action=maybe_recompile pc=0x00007f19d6fef52c method=java.util.ArrayList.indexOf(Ljava/lang/Object;)I @ 51
Event: 6.190 Thread 0x00007f19ec00c800 Uncommon trap: reason=class_check action=maybe_recompile pc=0x00007f19d6fef52c method=java.util.ArrayList.indexOf(Ljava/lang/Object;)I @ 51
Event: 18.789 Thread 0x00007f19ec00c800 Uncommon trap: reason=unreached action=reinterpret pc=0x00007f19d6c7387c method=java.lang.AbstractStringBuilder.append(Ljava/lang/String;)Ljava/lang/AbstractStringBuilder; @ 1
Event: 18.790 Thread 0x00007f19ec00c800 Uncommon trap: reason=unreached action=reinterpret pc=0x00007f19d6c7518c method=java.lang.AbstractStringBuilder.append(Ljava/lang/String;)Ljava/lang/AbstractStringBuilder; @ 1

Internal exceptions (10 events):
Event: 6.176 Thread 0x00007f19ec00c800 Exception <a 'java/security/PrivilegedActionException'> (0x00000000ec25cf60) thrown at [/HUDSON/workspace/8-2-build-linux-amd64/jdk8u25/1514/hotspot/src/share/vm/prims/jvm.cpp, line 1312]
Event: 6.179 Thread 0x00007f19ec00c800 Exception <a 'java/security/PrivilegedActionException'> (0x00000000ec262e58) thrown at [/HUDSON/workspace/8-2-build-linux-amd64/jdk8u25/1514/hotspot/src/share/vm/prims/jvm.cpp, line 1312]
Event: 18.789 Thread 0x00007f19ec00c800 Implicit null exception at 0x00007f19d6c733b6 to 0x00007f19d6c73861
Event: 18.790 Thread 0x00007f19ec00c800 Implicit null exception at 0x00007f19d6c74cf6 to 0x00007f19d6c75175
Event: 832.832 Thread 0x00007f19ec00c800 Exception <a 'java/lang/reflect/InvocationTargetException'> (0x00000000ec310ce0) thrown at [/HUDSON/workspace/8-2-build-linux-amd64/jdk8u25/1514/hotspot/src/share/vm/runtime/reflection.cpp, line 1080]
Event: 832.833 Thread 0x00007f19ec00c800 Exception <a 'java/security/PrivilegedActionException'> (0x00000000ec311418) thrown at [/HUDSON/workspace/8-2-build-linux-amd64/jdk8u25/1514/hotspot/src/share/vm/prims/jvm.cpp, line 1312]
Event: 832.843 Thread 0x00007f19ec00c800 Exception <a 'java/security/PrivilegedActionException'> (0x00000000ec317e50) thrown at [/HUDSON/workspace/8-2-build-linux-amd64/jdk8u25/1514/hotspot/src/share/vm/prims/jvm.cpp, line 1312]
Event: 832.844 Thread 0x00007f19ec00c800 Exception <a 'java/security/PrivilegedActionException'> (0x00000000ec31dda8) thrown at [/HUDSON/workspace/8-2-build-linux-amd64/jdk8u25/1514/hotspot/src/share/vm/prims/jvm.cpp, line 1312]
Event: 832.851 Thread 0x00007f19ec00c800 Exception <a 'java/security/PrivilegedActionException'> (0x00000000ec345290) thrown at [/HUDSON/workspace/8-2-build-linux-amd64/jdk8u25/1514/hotspot/src/share/vm/prims/jvm.cpp, line 1312]
Event: 832.865 Thread 0x00007f19ec00c800 Exception <a 'java/security/PrivilegedActionException'> (0x00000000ec36bd50) thrown at [/HUDSON/workspace/8-2-build-linux-amd64/jdk8u25/1514/hotspot/src/share/vm/prims/jvm.cpp, line 1312]

Events (10 events):
Event: 832.865 Thread 0x00007f19ec00c800 DEOPT PACKING pc=0x00007f19d6c7be91 sp=0x00007f19f5346140
Event: 832.865 Thread 0x00007f19ec00c800 DEOPT UNPACKING pc=0x00007f19d6ad4373 sp=0x00007f19f5345ed0 mode 1
Event: 832.865 Thread 0x00007f19ec00c800 DEOPT PACKING pc=0x00007f19d6c32bd4 sp=0x00007f19f53461e0
Event: 832.865 Thread 0x00007f19ec00c800 DEOPT UNPACKING pc=0x00007f19d6ad4373 sp=0x00007f19f5345f30 mode 1
Event: 832.865 Thread 0x00007f19ec00c800 DEOPT PACKING pc=0x00007f19d6c3204c sp=0x00007f19f5346d00
Event: 832.865 Thread 0x00007f19ec00c800 DEOPT UNPACKING pc=0x00007f19d6ad4373 sp=0x00007f19f5346a68 mode 1
Event: 832.865 Thread 0x00007f19ec00c800 DEOPT PACKING pc=0x00007f19d6c204d4 sp=0x00007f19f5346d70
Event: 832.866 Thread 0x00007f19ec00c800 DEOPT UNPACKING pc=0x00007f19d6ad4373 sp=0x00007f19f5346bb0 mode 1
Event: 832.866 Thread 0x00007f19ec00c800 DEOPT PACKING pc=0x00007f19d6c20274 sp=0x00007f19f5346f00
Event: 832.866 Thread 0x00007f19ec00c800 DEOPT UNPACKING pc=0x00007f19d6ad4373 sp=0x00007f19f5346d40 mode 1


Dynamic libraries:
00400000-00401000 r-xp 00000000 fd:00 529829                             /usr/java/jdk1.8.0_25/bin/java
00600000-00601000 rw-p 00000000 fd:00 529829                             /usr/java/jdk1.8.0_25/bin/java
01a04000-01a25000 rw-p 00000000 00:00 0                                  [heap]
c4600000-c6e00000 rw-p 00000000 00:00 0 
c6e00000-ec200000 ---p 00000000 00:00 0 
ec200000-ee500000 rw-p 00000000 00:00 0 
ee500000-100000000 ---p 00000000 00:00 0 
100000000-100160000 rw-p 00000000 00:00 0 
100160000-140000000 ---p 00000000 00:00 0 
7f198c000000-7f198c021000 rw-p 00000000 00:00 0 
7f198c021000-7f1990000000 ---p 00000000 00:00 0 
7f1994000000-7f1994482000 rw-p 00000000 00:00 0 
7f1994482000-7f1998000000 ---p 00000000 00:00 0 
7f1998000000-7f1998021000 rw-p 00000000 00:00 0 
7f1998021000-7f199c000000 ---p 00000000 00:00 0 
7f199c000000-7f199c3b5000 rw-p 00000000 00:00 0 
7f199c3b5000-7f19a0000000 ---p 00000000 00:00 0 
7f19a0000000-7f19a113d000 rw-p 00000000 00:00 0 
7f19a113d000-7f19a4000000 ---p 00000000 00:00 0 
7f19a7afd000-7f19a7c3d000 rw-p 00000000 00:00 0 
7f19a7c3d000-7f19a7cfd000 ---p 00000000 00:00 0 
7f19a7cfd000-7f19a7cfe000 ---p 00000000 00:00 0 
7f19a7cfe000-7f19a7dfe000 rw-p 00000000 00:00 0                          [stack:2867]
7f19a7dfe000-7f19a7e01000 ---p 00000000 00:00 0 
7f19a7e01000-7f19a7eff000 rw-p 00000000 00:00 0                          [stack:2866]
7f19a7eff000-7f19a7f02000 ---p 00000000 00:00 0 
7f19a7f02000-7f19a8000000 rw-p 00000000 00:00 0                          [stack:2865]
7f19a8000000-7f19a8083000 rw-p 00000000 00:00 0 
7f19a8083000-7f19ac000000 ---p 00000000 00:00 0 
7f19ac000000-7f19ac021000 rw-p 00000000 00:00 0 
7f19ac021000-7f19b0000000 ---p 00000000 00:00 0 
7f19b0000000-7f19b0021000 rw-p 00000000 00:00 0 
7f19b0021000-7f19b4000000 ---p 00000000 00:00 0 
7f19b4000000-7f19b4033000 rw-p 00000000 00:00 0 
7f19b4033000-7f19b8000000 ---p 00000000 00:00 0 
7f19b8000000-7f19b8021000 rw-p 00000000 00:00 0 
7f19b8021000-7f19bc000000 ---p 00000000 00:00 0 
7f19bc000000-7f19bc021000 rw-p 00000000 00:00 0 
7f19bc021000-7f19c0000000 ---p 00000000 00:00 0 
7f19c0000000-7f19c0021000 rw-p 00000000 00:00 0 
7f19c0021000-7f19c4000000 ---p 00000000 00:00 0 
7f19c4000000-7f19c4021000 rw-p 00000000 00:00 0 
7f19c4021000-7f19c8000000 ---p 00000000 00:00 0 
7f19c8000000-7f19c8021000 rw-p 00000000 00:00 0 
7f19c8021000-7f19cc000000 ---p 00000000 00:00 0 
7f19cc000000-7f19cc021000 rw-p 00000000 00:00 0 
7f19cc021000-7f19d0000000 ---p 00000000 00:00 0 
7f19d0000000-7f19d0021000 rw-p 00000000 00:00 0 
7f19d0021000-7f19d4000000 ---p 00000000 00:00 0 
7f19d405f000-7f19d4061000 rw-p 00000000 00:00 0 
7f19d4061000-7f19d406b000 r--s 0021b000 fd:00 530869                     /usr/java/jdk1.8.0_25/jre/lib/ext/localedata.jar
7f19d406b000-7f19d408d000 r--s 0038e000 fd:00 530135                     /usr/java/jdk1.8.0_25/jre/lib/ext/cldrdata.jar
7f19d408d000-7f19d408f000 r--s 00003000 fd:02 7347832                    /home/soro/.m2/repository/org/apache/deltaspike/cdictrl/deltaspike-cdictrl-owb/1.4.0/deltaspike-cdictrl-owb-1.4.0.jar
7f19d408f000-7f19d4091000 r--s 00004000 fd:02 6950785                    /home/soro/.m2/repository/org/apache/openwebbeans/openwebbeans-spi/1.6.0-SNAPSHOT/openwebbeans-spi-1.6.0-SNAPSHOT.jar
7f19d4091000-7f19d4094000 r--s 00021000 fd:02 6949018                    /home/soro/.m2/repository/org/apache/xbean/xbean-asm5-shaded/4.1/xbean-asm5-shaded-4.1.jar
7f19d4094000-7f19d4097000 r--s 00024000 fd:02 6948034                    /home/soro/.m2/repository/org/apache/xbean/xbean-finder-shaded/4.1/xbean-finder-shaded-4.1.jar
7f19d4097000-7f19d40a2000 r--s 00097000 fd:02 6950790                    /home/soro/.m2/repository/org/apache/openwebbeans/openwebbeans-impl/1.6.0-SNAPSHOT/openwebbeans-impl-1.6.0-SNAPSHOT.jar
7f19d40a2000-7f19d40a3000 r--s 00003000 fd:02 1051837                    /home/soro/.m2/repository/org/apache/geronimo/specs/geronimo-annotation_1.2_spec/1.0/geronimo-annotation_1.2_spec-1.0.jar
7f19d40a3000-7f19d40a5000 r--s 00002000 fd:02 1051836                    /home/soro/.m2/repository/org/apache/geronimo/specs/geronimo-interceptor_1.2_spec/1.0/geronimo-interceptor_1.2_spec-1.0.jar
7f19d40a5000-7f19d40a9000 r--s 0000d000 fd:02 1051838                    /home/soro/.m2/repository/org/apache/geronimo/specs/geronimo-jcdi_1.1_spec/1.0/geronimo-jcdi_1.1_spec-1.0.jar
7f19d40a9000-7f19d40ab000 r--s 00007000 fd:02 6292653                    /home/soro/.m2/repository/javax/el/el-api/2.2/el-api-2.2.jar
7f19d40ab000-7f19d40ad000 r--s 00018000 fd:02 6817166                    /home/soro/.m2/repository/javax/servlet/servlet-api/2.5/servlet-api-2.5.jar
7f19d40ad000-7f19d40af000 r--s 00011000 fd:02 6031389                    /home/soro/.m2/repository/org/hamcrest/hamcrest-core/1.1/hamcrest-core-1.1.jar
7f19d40af000-7f19d40b2000 ---p 00000000 00:00 0 
7f19d40b2000-7f19d41b0000 rw-p 00000000 00:00 0                          [stack:2864]
7f19d41b0000-7f19d41b3000 ---p 00000000 00:00 0 
7f19d41b3000-7f19d42b1000 rw-p 00000000 00:00 0                          [stack:2863]
7f19d42b1000-7f19d42b4000 ---p 00000000 00:00 0 
7f19d42b4000-7f19d43b2000 rw-p 00000000 00:00 0 
7f19d43b2000-7f19d43b5000 ---p 00000000 00:00 0 
7f19d43b5000-7f19d44b3000 rw-p 00000000 00:00 0                          [stack:2861]
7f19d44b3000-7f19d44b6000 ---p 00000000 00:00 0 
7f19d44b6000-7f19d45b4000 rw-p 00000000 00:00 0 
7f19d45b4000-7f19d45b8000 r-xp 00000000 fd:00 529964                     /usr/java/jdk1.8.0_25/jre/lib/amd64/libdt_socket.so
7f19d45b8000-7f19d47b7000 ---p 00004000 fd:00 529964                     /usr/java/jdk1.8.0_25/jre/lib/amd64/libdt_socket.so
7f19d47b7000-7f19d47b8000 rw-p 00003000 fd:00 529964                     /usr/java/jdk1.8.0_25/jre/lib/amd64/libdt_socket.so
7f19d47b8000-7f19d47bb000 ---p 00000000 00:00 0 
7f19d47bb000-7f19d48b9000 rw-p 00000000 00:00 0                          [stack:2857]
7f19d48b9000-7f19d48bc000 ---p 00000000 00:00 0 
7f19d48bc000-7f19d49ba000 rw-p 00000000 00:00 0                          [stack:2850]
7f19d49ba000-7f19d49bd000 ---p 00000000 00:00 0 
7f19d49bd000-7f19d4abb000 rw-p 00000000 00:00 0                          [stack:2849]
7f19d4abb000-7f19d4abc000 ---p 00000000 00:00 0 
7f19d4abc000-7f19d6a8d000 rw-p 00000000 00:00 0                          [stack:2848]
7f19d6a8d000-7f19d703d000 rwxp 00000000 00:00 0 
7f19d703d000-7f19e5a8d000 ---p 00000000 00:00 0 
7f19e5a8d000-7f19ec000000 r--p 00000000 fd:00 399313                     /usr/lib/locale/locale-archive
7f19ec000000-7f19ec6cb000 rw-p 00000000 00:00 0 
7f19ec6cb000-7f19f0000000 ---p 00000000 00:00 0 
7f19f0000000-7f19f0001000 r--s 00002000 fd:02 7078711                    /home/soro/.m2/repository/org/apache/geronimo/specs/geronimo-atinject_1.0_spec/1.0/geronimo-atinject_1.0_spec-1.0.jar
7f19f0001000-7f19f0008000 r--s 00037000 fd:02 6817982                    /home/soro/.m2/repository/junit/junit/4.10/junit-4.10.jar
7f19f0008000-7f19f000a000 r--s 0000a000 fd:02 7347826                    /home/soro/.m2/repository/org/apache/deltaspike/modules/deltaspike-test-control-module-impl/1.4.0/deltaspike-test-control-module-impl-1.4.0.jar
7f19f000a000-7f19f000d000 r--s 00007000 fd:02 7347828                    /home/soro/.m2/repository/org/apache/deltaspike/modules/deltaspike-test-control-module-api/1.4.0/deltaspike-test-control-module-api-1.4.0.jar
7f19f000d000-7f19f0011000 r--s 0001b000 fd:02 7084604                    /home/soro/.m2/repository/org/apache/deltaspike/core/deltaspike-core-impl/1.4.0/deltaspike-core-impl-1.4.0.jar
7f19f0011000-7f19f0019000 r--s 00031000 fd:02 7084603                    /home/soro/.m2/repository/org/apache/deltaspike/core/deltaspike-core-api/1.4.0/deltaspike-core-api-1.4.0.jar
7f19f0019000-7f19f001e000 r--s 0003e000 fd:00 530189                     /usr/java/jdk1.8.0_25/jre/lib/jfr.jar
7f19f001e000-7f19f0020000 r--s 00007000 fd:00 530192                     /usr/java/jdk1.8.0_25/jre/lib/jfxswt.jar
7f19f0020000-7f19f0039000 r--s 001ed000 fd:00 530028                     /usr/java/jdk1.8.0_25/jre/lib/deploy.jar
7f19f0039000-7f19f003f000 r--s 002f7000 fd:00 530193                     /usr/java/jdk1.8.0_25/jre/lib/charsets.jar
7f19f003f000-7f19f0054000 r--s 000ff000 fd:00 530256                     /usr/java/jdk1.8.0_25/jre/lib/resources.jar
7f19f0054000-7f19f0067000 r--s 000d5000 fd:00 530253                     /usr/java/jdk1.8.0_25/jre/lib/plugin.jar
7f19f0067000-7f19f0f27000 rw-p 00000000 00:00 0 
7f19f0f27000-7f19f10fd000 r--s 03c64000 fd:00 531521                     /usr/java/jdk1.8.0_25/jre/lib/rt.jar
7f19f10fd000-7f19f1b50000 rw-p 00000000 00:00 0 
7f19f1b50000-7f19f1b51000 ---p 00000000 00:00 0 
7f19f1b51000-7f19f1c51000 rw-p 00000000 00:00 0                          [stack:2844]
7f19f1c51000-7f19f1c52000 ---p 00000000 00:00 0 
7f19f1c52000-7f19f1d52000 rw-p 00000000 00:00 0                          [stack:2843]
7f19f1d52000-7f19f1d53000 ---p 00000000 00:00 0 
7f19f1d53000-7f19f1e53000 rw-p 00000000 00:00 0                          [stack:2842]
7f19f1e53000-7f19f1e54000 ---p 00000000 00:00 0 
7f19f1e54000-7f19f1f68000 rw-p 00000000 00:00 0                          [stack:2841]
7f19f1f68000-7f19f2092000 ---p 00000000 00:00 0 
7f19f2092000-7f19f20a6000 rw-p 00000000 00:00 0 
7f19f20a6000-7f19f21d0000 ---p 00000000 00:00 0 
7f19f21d0000-7f19f21e2000 rw-p 00000000 00:00 0 
7f19f21e2000-7f19f226f000 ---p 00000000 00:00 0 
7f19f226f000-7f19f2287000 rw-p 00000000 00:00 0 
7f19f2287000-7f19f2630000 ---p 00000000 00:00 0 
7f19f2630000-7f19f264a000 r-xp 00000000 fd:00 530010                     /usr/java/jdk1.8.0_25/jre/lib/amd64/libzip.so
7f19f264a000-7f19f284a000 ---p 0001a000 fd:00 530010                     /usr/java/jdk1.8.0_25/jre/lib/amd64/libzip.so
7f19f284a000-7f19f284b000 rw-p 0001a000 fd:00 530010                     /usr/java/jdk1.8.0_25/jre/lib/amd64/libzip.so
7f19f284b000-7f19f2857000 r-xp 00000000 fd:00 399338                     /usr/lib64/libnss_files-2.20.so
7f19f2857000-7f19f2a56000 ---p 0000c000 fd:00 399338                     /usr/lib64/libnss_files-2.20.so
7f19f2a56000-7f19f2a57000 r--p 0000b000 fd:00 399338                     /usr/lib64/libnss_files-2.20.so
7f19f2a57000-7f19f2a58000 rw-p 0000c000 fd:00 399338                     /usr/lib64/libnss_files-2.20.so
7f19f2a58000-7f19f2a5a000 r-xp 00000000 fd:00 529999                     /usr/java/jdk1.8.0_25/jre/lib/amd64/libnpt.so
7f19f2a5a000-7f19f2c5a000 ---p 00002000 fd:00 529999                     /usr/java/jdk1.8.0_25/jre/lib/amd64/libnpt.so
7f19f2c5a000-7f19f2c5b000 rw-p 00002000 fd:00 529999                     /usr/java/jdk1.8.0_25/jre/lib/amd64/libnpt.so
7f19f2c5b000-7f19f2c94000 r-xp 00000000 fd:00 529983                     /usr/java/jdk1.8.0_25/jre/lib/amd64/libjdwp.so
7f19f2c94000-7f19f2e93000 ---p 00039000 fd:00 529983                     /usr/java/jdk1.8.0_25/jre/lib/amd64/libjdwp.so
7f19f2e93000-7f19f2e95000 rw-p 00038000 fd:00 529983                     /usr/java/jdk1.8.0_25/jre/lib/amd64/libjdwp.so
7f19f2e95000-7f19f2ebf000 r-xp 00000000 fd:00 529975                     /usr/java/jdk1.8.0_25/jre/lib/amd64/libjava.so
7f19f2ebf000-7f19f30bf000 ---p 0002a000 fd:00 529975                     /usr/java/jdk1.8.0_25/jre/lib/amd64/libjava.so
7f19f30bf000-7f19f30c1000 rw-p 0002a000 fd:00 529975                     /usr/java/jdk1.8.0_25/jre/lib/amd64/libjava.so
7f19f30c1000-7f19f30ce000 r-xp 00000000 fd:00 530009                     /usr/java/jdk1.8.0_25/jre/lib/amd64/libverify.so
7f19f30ce000-7f19f32ce000 ---p 0000d000 fd:00 530009                     /usr/java/jdk1.8.0_25/jre/lib/amd64/libverify.so
7f19f32ce000-7f19f32d0000 rw-p 0000d000 fd:00 530009                     /usr/java/jdk1.8.0_25/jre/lib/amd64/libverify.so
7f19f32d0000-7f19f32d7000 r-xp 00000000 fd:00 399350                     /usr/lib64/librt-2.20.so
7f19f32d7000-7f19f34d6000 ---p 00007000 fd:00 399350                     /usr/lib64/librt-2.20.so
7f19f34d6000-7f19f34d7000 r--p 00006000 fd:00 399350                     /usr/lib64/librt-2.20.so
7f19f34d7000-7f19f34d8000 rw-p 00007000 fd:00 399350                     /usr/lib64/librt-2.20.so
7f19f34d8000-7f19f35df000 r-xp 00000000 fd:00 399328                     /usr/lib64/libm-2.20.so
7f19f35df000-7f19f37de000 ---p 00107000 fd:00 399328                     /usr/lib64/libm-2.20.so
7f19f37de000-7f19f37df000 r--p 00106000 fd:00 399328                     /usr/lib64/libm-2.20.so
7f19f37df000-7f19f37e0000 rw-p 00107000 fd:00 399328                     /usr/lib64/libm-2.20.so
7f19f37e0000-7f19f444d000 r-xp 00000000 fd:00 530014                     /usr/java/jdk1.8.0_25/jre/lib/amd64/server/libjvm.so
7f19f444d000-7f19f464c000 ---p 00c6d000 fd:00 530014                     /usr/java/jdk1.8.0_25/jre/lib/amd64/server/libjvm.so
7f19f464c000-7f19f4722000 rw-p 00c6c000 fd:00 530014                     /usr/java/jdk1.8.0_25/jre/lib/amd64/server/libjvm.so
7f19f4722000-7f19f4765000 rw-p 00000000 00:00 0 
7f19f4765000-7f19f4918000 r-xp 00000000 fd:00 399320                     /usr/lib64/libc-2.20.so
7f19f4918000-7f19f4b18000 ---p 001b3000 fd:00 399320                     /usr/lib64/libc-2.20.so
7f19f4b18000-7f19f4b1c000 r--p 001b3000 fd:00 399320                     /usr/lib64/libc-2.20.so
7f19f4b1c000-7f19f4b1e000 rw-p 001b7000 fd:00 399320                     /usr/lib64/libc-2.20.so
7f19f4b1e000-7f19f4b22000 rw-p 00000000 00:00 0 
7f19f4b22000-7f19f4b25000 r-xp 00000000 fd:00 399326                     /usr/lib64/libdl-2.20.so
7f19f4b25000-7f19f4d24000 ---p 00003000 fd:00 399326                     /usr/lib64/libdl-2.20.so
7f19f4d24000-7f19f4d25000 r--p 00002000 fd:00 399326                     /usr/lib64/libdl-2.20.so
7f19f4d25000-7f19f4d26000 rw-p 00003000 fd:00 399326                     /usr/lib64/libdl-2.20.so
7f19f4d26000-7f19f4d3b000 r-xp 00000000 fd:00 530277                     /usr/java/jdk1.8.0_25/lib/amd64/jli/libjli.so
7f19f4d3b000-7f19f4f3a000 ---p 00015000 fd:00 530277                     /usr/java/jdk1.8.0_25/lib/amd64/jli/libjli.so
7f19f4f3a000-7f19f4f3b000 rw-p 00014000 fd:00 530277                     /usr/java/jdk1.8.0_25/lib/amd64/jli/libjli.so
7f19f4f3b000-7f19f4f52000 r-xp 00000000 fd:00 399346                     /usr/lib64/libpthread-2.20.so
7f19f4f52000-7f19f5151000 ---p 00017000 fd:00 399346                     /usr/lib64/libpthread-2.20.so
7f19f5151000-7f19f5152000 r--p 00016000 fd:00 399346                     /usr/lib64/libpthread-2.20.so
7f19f5152000-7f19f5153000 rw-p 00017000 fd:00 399346                     /usr/lib64/libpthread-2.20.so
7f19f5153000-7f19f5157000 rw-p 00000000 00:00 0 
7f19f5157000-7f19f5178000 r-xp 00000000 fd:00 399312                     /usr/lib64/ld-2.20.so
7f19f5178000-7f19f5179000 r--s 00002000 fd:02 7347827                    /home/soro/.m2/repository/org/apache/deltaspike/cdictrl/deltaspike-cdictrl-api/1.4.0/deltaspike-cdictrl-api-1.4.0.jar
7f19f5179000-7f19f517a000 r--s 00000000 fd:00 530240                     /usr/java/jdk1.8.0_25/jre/lib/management-agent.jar
7f19f517a000-7f19f5184000 r--s 00069000 fd:00 530185                     /usr/java/jdk1.8.0_25/jre/lib/javaws.jar
7f19f5184000-7f19f5249000 rw-p 00000000 00:00 0 
7f19f5249000-7f19f524c000 ---p 00000000 00:00 0 
7f19f524c000-7f19f534e000 rw-p 00000000 00:00 0                          [stack:2835]
7f19f534e000-7f19f5353000 r--s 00092000 fd:00 530257                     /usr/java/jdk1.8.0_25/jre/lib/jsse.jar
7f19f5353000-7f19f5356000 r--s 00019000 fd:00 530186                     /usr/java/jdk1.8.0_25/jre/lib/jce.jar
7f19f5356000-7f19f5358000 r--s 0001f000 fd:00 2359506                    /usr/java/idea-IU-141.1010.3/plugins/junit/lib/junit-rt.jar
7f19f5358000-7f19f535a000 r--s 00016000 fd:00 2230472                    /usr/java/idea-IU-141.1010.3/lib/idea_rt.jar
7f19f535a000-7f19f536d000 rw-p 00000000 00:00 0 
7f19f536d000-7f19f5375000 rw-s 00000000 00:24 4887718                    /tmp/hsperfdata_soro/2834
7f19f5375000-7f19f5376000 rw-p 00000000 00:00 0 
7f19f5376000-7f19f5377000 r--p 00000000 00:00 0 
7f19f5377000-7f19f5378000 rw-p 00000000 00:00 0 
7f19f5378000-7f19f5379000 r--p 00021000 fd:00 399312                     /usr/lib64/ld-2.20.so
7f19f5379000-7f19f537a000 rw-p 00022000 fd:00 399312                     /usr/lib64/ld-2.20.so
7f19f537a000-7f19f537b000 rw-p 00000000 00:00 0 
7fff91d12000-7fff91d34000 rw-p 00000000 00:00 0                          [stack]
7fff91d6f000-7fff91d71000 r--p 00000000 00:00 0                          [vvar]
7fff91d71000-7fff91d73000 r-xp 00000000 00:00 0                          [vdso]
ffffffffff600000-ffffffffff601000 r-xp 00000000 00:00 0                  [vsyscall]

VM Arguments:
jvm_args: -agentlib:jdwp=transport=dt_socket,address=127.0.0.1:55962,suspend=y,server=n -ea -Dfile.encoding=UTF-8 
java_command: com.intellij.rt.execution.junit.JUnitStarter -ideVersion5 owb.GenericsTest
java_class_path (initial): /usr/java/idea-IU-141.1010.3/lib/idea_rt.jar:/usr/java/idea-IU-141.1010.3/plugins/junit/lib/junit-rt.jar:/usr/java/jdk1.8.0_25/jre/lib/jce.jar:/usr/java/jdk1.8.0_25/jre/lib/plugin.jar:/usr/java/jdk1.8.0_25/jre/lib/rt.jar:/usr/java/jdk1.8.0_25/jre/lib/resources.jar:/usr/java/jdk1.8.0_25/jre/lib/jsse.jar:/usr/java/jdk1.8.0_25/jre/lib/javaws.jar:/usr/java/jdk1.8.0_25/jre/lib/charsets.jar:/usr/java/jdk1.8.0_25/jre/lib/deploy.jar:/usr/java/jdk1.8.0_25/jre/lib/management-agent.jar:/usr/java/jdk1.8.0_25/jre/lib/jfxswt.jar:/usr/java/jdk1.8.0_25/jre/lib/jfr.jar:/usr/java/jdk1.8.0_25/jre/lib/ext/sunjce_provider.jar:/usr/java/jdk1.8.0_25/jre/lib/ext/nashorn.jar:/usr/java/jdk1.8.0_25/jre/lib/ext/jfxrt.jar:/usr/java/jdk1.8.0_25/jre/lib/ext/zipfs.jar:/usr/java/jdk1.8.0_25/jre/lib/ext/sunpkcs11.jar:/usr/java/jdk1.8.0_25/jre/lib/ext/cldrdata.jar:/usr/java/jdk1.8.0_25/jre/lib/ext/localedata.jar:/usr/java/jdk1.8.0_25/jre/lib/ext/dnsns.jar:/usr/java/jdk1.8.0_25/jre/lib/ext/sunec.jar:/home/soro/Downloads/OWB-654_test/target/test-classes:/home/soro/Downloads/OWB-654_test/target/classes:/home/soro/.m2/repository/org/apache/deltaspike/core/deltaspike-core-api/1.4.0/deltaspike-core-api-1.4.0.jar:/home/soro/.m2/repository/org/apache/deltaspike/core/deltaspike-core-impl/1.4.0/deltaspike-core-impl-1.4.0.jar:/home/soro/.m2/repository/org/apache/deltaspike/cdictrl/deltaspike-cdictrl-api/1.4.0/deltaspike-cdictrl-api-1.4.0.jar:/home/soro/.m2/repository/org/apache/deltaspike/modules/deltaspike-test-control-module-api/1.4.0/deltaspike-test-control-module-api-1.4.0.jar:/home/soro/.m2/repository/org/apache/deltaspike/modules/deltaspike-test-control-module-impl/1.4.0/deltaspike-test-control-module-impl-1.4.0.jar:/home/soro/.m2/repository/junit/junit/4.10/junit-4.10.jar:/home/soro/.m2/repository/org/hamcrest/hamcrest-core/1.1/hamcrest-core-1.1.jar:/home/soro/.m2/repository/javax/servlet/servlet-api/2.5/servlet-api-2.5.jar:/home/soro/.m2/repository/javax/el/el-api/2.2/el-api
Launcher Type: SUN_STANDARD

Environment Variables:
JAVA_HOME=/usr/java/latest
PATH=/usr/lib64/qt-3.3/bin:/usr/local/bin:/usr/local/sbin:/usr/bin:/usr/sbin:/bin:/sbin:/home/soro/.local/bin:/home/soro/bin
USERNAME=soro
LD_LIBRARY_PATH=/usr/java/idea-IU-141.1010.3/bin:
SHELL=/bin/bash
DISPLAY=:0

Signal Handlers:
SIGSEGV: [libjvm.so+0xa79a80], sa_mask[0]=11111111011111111101111111111110, sa_flags=SA_RESTART|SA_SIGINFO
SIGBUS: [libjvm.so+0xa79a80], sa_mask[0]=11111111011111111101111111111110, sa_flags=SA_RESTART|SA_SIGINFO
SIGFPE: [libjvm.so+0x8e24e0], sa_mask[0]=11111111011111111101111111111110, sa_flags=SA_RESTART|SA_SIGINFO
SIGPIPE: [libjvm.so+0x8e24e0], sa_mask[0]=11111111011111111101111111111110, sa_flags=SA_RESTART|SA_SIGINFO
SIGXFSZ: [libjvm.so+0x8e24e0], sa_mask[0]=11111111011111111101111111111110, sa_flags=SA_RESTART|SA_SIGINFO
SIGILL: [libjvm.so+0x8e24e0], sa_mask[0]=11111111011111111101111111111110, sa_flags=SA_RESTART|SA_SIGINFO
SIGUSR1: SIG_DFL, sa_mask[0]=00000000000000000000000000000000, sa_flags=none
SIGUSR2: [libjvm.so+0x8e3d10], sa_mask[0]=00100000000000000000000000000000, sa_flags=SA_RESTART|SA_SIGINFO
SIGHUP: [libjvm.so+0x8e50d0], sa_mask[0]=11111111011111111101111111111110, sa_flags=SA_RESTART|SA_SIGINFO
SIGINT: [libjvm.so+0x8e50d0], sa_mask[0]=11111111011111111101111111111110, sa_flags=SA_RESTART|SA_SIGINFO
SIGTERM: [libjvm.so+0x8e50d0], sa_mask[0]=11111111011111111101111111111110, sa_flags=SA_RESTART|SA_SIGINFO
SIGQUIT: [libjvm.so+0x8e50d0], sa_mask[0]=11111111011111111101111111111110, sa_flags=SA_RESTART|SA_SIGINFO


---------------  S Y S T E M  ---------------

OS:Fedora release 21 (Twenty One)

uname:Linux 3.19.7-200.fc21.x86_64 #1 SMP Thu May 7 22:00:21 UTC 2015 x86_64
libc:glibc 2.20 NPTL 2.20 
rlimit: STACK 8192k, CORE 0k, NPROC 4096, NOFILE 4096, AS infinity
load average:4.27 3.44 3.63

/proc/meminfo:
MemTotal:        3907252 kB
MemFree:          295628 kB
MemAvailable:     357404 kB
Buffers:           11428 kB
Cached:           414208 kB
SwapCached:        23008 kB
Active:          2444836 kB
Inactive:         941192 kB
Active(anon):    2332720 kB
Inactive(anon):   847376 kB
Active(file):     112116 kB
Inactive(file):    93816 kB
Unevictable:           0 kB
Mlocked:               0 kB
SwapTotal:       3932156 kB
SwapFree:        1627636 kB
Dirty:              8812 kB
Writeback:             0 kB
AnonPages:       2940968 kB
Mapped:           259708 kB
Shmem:            219156 kB
Slab:             104396 kB
SReclaimable:      49556 kB
SUnreclaim:        54840 kB
KernelStack:       13024 kB
PageTables:        49216 kB
NFS_Unstable:          0 kB
Bounce:                0 kB
WritebackTmp:          0 kB
CommitLimit:     5885780 kB
Committed_AS:   11899332 kB
VmallocTotal:   34359738367 kB
VmallocUsed:      361456 kB
VmallocChunk:   34359370796 kB
HardwareCorrupted:     0 kB
AnonHugePages:         0 kB
HugePages_Total:       0
HugePages_Free:        0
HugePages_Rsvd:        0
HugePages_Surp:        0
Hugepagesize:       2048 kB
DirectMap4k:      687592 kB
DirectMap2M:     3366912 kB


CPU:total 4 (2 cores per cpu, 2 threads per core) family 6 model 42 stepping 7, cmov, cx8, fxsr, mmx, sse, sse2, sse3, ssse3, sse4.1, sse4.2, popcnt, avx, clmul, ht, tsc, tscinvbit

/proc/cpuinfo:
processor	: 0
vendor_id	: GenuineIntel
cpu family	: 6
model		: 42
model name	: Intel(R) Core(TM) i3-2375M CPU @ 1.50GHz
stepping	: 7
microcode	: 0x29
cpu MHz		: 1500.000
cache size	: 3072 KB
physical id	: 0
siblings	: 4
core id		: 0
cpu cores	: 2
apicid		: 0
initial apicid	: 0
fpu		: yes
fpu_exception	: yes
cpuid level	: 13
wp		: yes
flags		: fpu vme de pse tsc msr pae mce cx8 apic sep mtrr pge mca cmov pat pse36 clflush dts acpi mmx fxsr sse sse2 ss ht tm pbe syscall nx rdtscp lm constant_tsc arch_perfmon pebs bts rep_good nopl xtopology nonstop_tsc aperfmperf eagerfpu pni pclmulqdq dtes64 monitor ds_cpl vmx est tm2 ssse3 cx16 xtpr pdcm pcid sse4_1 sse4_2 x2apic popcnt tsc_deadline_timer xsave avx lahf_lm arat epb pln pts dtherm tpr_shadow vnmi flexpriority ept vpid xsaveopt
bugs		:
bogomips	: 2992.93
clflush size	: 64
cache_alignment	: 64
address sizes	: 36 bits physical, 48 bits virtual
power management:

processor	: 1
vendor_id	: GenuineIntel
cpu family	: 6
model		: 42
model name	: Intel(R) Core(TM) i3-2375M CPU @ 1.50GHz
stepping	: 7
microcode	: 0x29
cpu MHz		: 1500.000
cache size	: 3072 KB
physical id	: 0
siblings	: 4
core id		: 1
cpu cores	: 2
apicid		: 2
initial apicid	: 2
fpu		: yes
fpu_exception	: yes
cpuid level	: 13
wp		: yes
flags		: fpu vme de pse tsc msr pae mce cx8 apic sep mtrr pge mca cmov pat pse36 clflush dts acpi mmx fxsr sse sse2 ss ht tm pbe syscall nx rdtscp lm constant_tsc arch_perfmon pebs bts rep_good nopl xtopology nonstop_tsc aperfmperf eagerfpu pni pclmulqdq dtes64 monitor ds_cpl vmx est tm2 ssse3 cx16 xtpr pdcm pcid sse4_1 sse4_2 x2apic popcnt tsc_deadline_timer xsave avx lahf_lm arat epb pln pts dtherm tpr_shadow vnmi flexpriority ept vpid xsaveopt
bugs		:
bogomips	: 2992.93
clflush size	: 64
cache_alignment	: 64
address sizes	: 36 bits physical, 48 bits virtual
power management:

processor	: 2
vendor_id	: GenuineIntel
cpu family	: 6
model		: 42
model name	: Intel(R) Core(TM) i3-2375M CPU @ 1.50GHz
stepping	: 7
microcode	: 0x29
cpu MHz		: 1499.941
cache size	: 3072 KB
physical id	: 0
siblings	: 4
core id		: 0
cpu cores	: 2
apicid		: 1
initial apicid	: 1
fpu		: yes
fpu_exception	: yes
cpuid level	: 13
wp		: yes
flags		: fpu vme de pse tsc msr pae mce cx8 apic sep mtrr pge mca cmov pat pse36 clflush dts acpi mmx fxsr sse sse2 ss ht tm pbe syscall nx rdtscp lm constant_tsc arch_perfmon pebs bts rep_good nopl xtopology nonstop_tsc aperfmperf eagerfpu pni pclmulqdq dtes64 monitor ds_cpl vmx est tm2 ssse3 cx16 xtpr pdcm pcid sse4_1 sse4_2 x2apic popcnt tsc_deadline_timer xsave avx lahf_lm arat epb pln pts dtherm tpr_shadow vnmi flexpriority ept vpid xsaveopt
bugs		:
bogomips	: 2992.93
clflush size	: 64
cache_alignment	: 64
address sizes	: 36 bits physical, 48 bits virtual
power management:

processor	: 3
vendor_id	: GenuineIntel
cpu family	: 6
model		: 42
model name	: Intel(R) Core(TM) i3-2375M CPU @ 1.50GHz
stepping	: 7
microcode	: 0x29
cpu MHz		: 1500.000
cache size	: 3072 KB
physical id	: 0
siblings	: 4
core id		: 1
cpu cores	: 2
apicid		: 3
initial apicid	: 3
fpu		: yes
fpu_exception	: yes
cpuid level	: 13
wp		: yes
flags		: fpu vme de pse tsc msr pae mce cx8 apic sep mtrr pge mca cmov pat pse36 clflush dts acpi mmx fxsr sse sse2 ss ht tm pbe syscall nx rdtscp lm constant_tsc arch_perfmon pebs bts rep_good nopl xtopology nonstop_tsc aperfmperf eagerfpu pni pclmulqdq dtes64 monitor ds_cpl vmx est tm2 ssse3 cx16 xtpr pdcm pcid sse4_1 sse4_2 x2apic popcnt tsc_deadline_timer xsave avx lahf_lm arat epb pln pts dtherm tpr_shadow vnmi flexpriority ept vpid xsaveopt
bugs		:
bogomips	: 2992.93
clflush size	: 64
cache_alignment	: 64
address sizes	: 36 bits physical, 48 bits virtual
power management:



Memory: 4k page, physical 3907252k(295628k free), swap 3932156k(1627636k free)

vm_info: Java HotSpot(TM) 64-Bit Server VM (25.25-b02) for linux-amd64 JRE (1.8.0_25-b17), built on Sep 17 2014 17:32:11 by "java_re" with gcc 4.3.0 20080428 (Red Hat 4.3.0-8)

time: Thu May 28 21:57:46 2015
elapsed time: 832 seconds (0d 0h 13m 52s)

